[2024-11-14 15:14:00,494] [autoreload.py:677] [autoreload:run_with_reloader] [INFO]- Watching for file changes with StatReloader
[2024-11-14 15:14:42,515] [autoreload.py:677] [autoreload:run_with_reloader] [INFO]- Watching for file changes with StatReloader
[2024-11-14 15:15:41,340] [autoreload.py:266] [autoreload:trigger_reload] [INFO]- /Users/yehl/Documents/testPlaform/TPlatform/group/urls.py changed, reloading.
[2024-11-14 15:15:41,681] [autoreload.py:677] [autoreload:run_with_reloader] [INFO]- Watching for file changes with StatReloader
[2024-11-14 15:16:18,422] [autoreload.py:266] [autoreload:trigger_reload] [INFO]- /Users/yehl/Documents/testPlaform/TPlatform/group/urls.py changed, reloading.
[2024-11-14 15:16:18,783] [autoreload.py:677] [autoreload:run_with_reloader] [INFO]- Watching for file changes with StatReloader
[2024-11-14 15:16:38,197] [autoreload.py:266] [autoreload:trigger_reload] [INFO]- /Users/yehl/Documents/testPlaform/TPlatform/group/urls.py changed, reloading.
[2024-11-14 15:16:38,468] [autoreload.py:677] [autoreload:run_with_reloader] [INFO]- Watching for file changes with StatReloader
[2024-11-14 15:16:57,806] [log.py:241] [log:log_response] [WARNING]- Not Found: /group/userlist
[2024-11-14 15:16:57,807] [basehttp.py:187] [basehttp:log_message] [WARNING]- "GET /group/userlist HTTP/1.1" 404 3237
[2024-11-14 15:17:32,698] [basehttp.py:187] [basehttp:log_message] [INFO]- "GET /group/userList HTTP/1.1" 200 2795
[2024-11-14 15:18:52,524] [basehttp.py:187] [basehttp:log_message] [INFO]- "GET /group/userList?id=38 HTTP/1.1" 200 2795
[2024-11-14 15:19:15,145] [basehttp.py:187] [basehttp:log_message] [INFO]- "GET /group/userList?username=%E5%B0%8F%E6%98%8E HTTP/1.1" 200 2795
[2024-11-14 15:22:18,250] [autoreload.py:266] [autoreload:trigger_reload] [INFO]- /Users/yehl/Documents/testPlaform/TPlatform/group/urls.py changed, reloading.
[2024-11-14 15:22:18,566] [autoreload.py:677] [autoreload:run_with_reloader] [INFO]- Watching for file changes with StatReloader
[2024-11-14 15:22:24,693] [log.py:241] [log:log_response] [WARNING]- Not Found: /group/userList
[2024-11-14 15:22:24,694] [basehttp.py:187] [basehttp:log_message] [WARNING]- "GET /group/userList?username=%E5%B0%8F%E6%98%8E HTTP/1.1" 404 3286
[2024-11-14 15:23:47,563] [log.py:241] [log:log_response] [ERROR]- Internal Server Error: /group/userList/小明
Traceback (most recent call last):
  File "/Users/yehl/Documents/软件测试资料/softwarebox/lib/python3.10/site-packages/django/core/handlers/exception.py", line 55, in inner
    response = get_response(request)
  File "/Users/yehl/Documents/软件测试资料/softwarebox/lib/python3.10/site-packages/django/core/handlers/base.py", line 197, in _get_response
    response = wrapped_callback(request, *callback_args, **callback_kwargs)
  File "/Users/yehl/Documents/软件测试资料/softwarebox/lib/python3.10/site-packages/django/views/decorators/csrf.py", line 54, in wrapped_view
    return view_func(*args, **kwargs)
  File "/Users/yehl/Documents/软件测试资料/softwarebox/lib/python3.10/site-packages/django/views/generic/base.py", line 84, in view
    return self.dispatch(request, *args, **kwargs)
  File "/Users/yehl/Documents/软件测试资料/softwarebox/lib/python3.10/site-packages/rest_framework/views.py", line 509, in dispatch
    response = self.handle_exception(exc)
  File "/Users/yehl/Documents/软件测试资料/softwarebox/lib/python3.10/site-packages/rest_framework/views.py", line 469, in handle_exception
    self.raise_uncaught_exception(exc)
  File "/Users/yehl/Documents/软件测试资料/softwarebox/lib/python3.10/site-packages/rest_framework/views.py", line 480, in raise_uncaught_exception
    raise exc
  File "/Users/yehl/Documents/软件测试资料/softwarebox/lib/python3.10/site-packages/rest_framework/views.py", line 506, in dispatch
    response = handler(request, *args, **kwargs)
TypeError: GroupList.get() got an unexpected keyword argument 'username'
[2024-11-14 15:23:47,565] [basehttp.py:187] [basehttp:log_message] [ERROR]- "GET /group/userList/%E5%B0%8F%E6%98%8E HTTP/1.1" 500 84075
[2024-11-14 15:23:58,083] [log.py:241] [log:log_response] [ERROR]- Internal Server Error: /group/userList/"小明"
Traceback (most recent call last):
  File "/Users/yehl/Documents/软件测试资料/softwarebox/lib/python3.10/site-packages/django/core/handlers/exception.py", line 55, in inner
    response = get_response(request)
  File "/Users/yehl/Documents/软件测试资料/softwarebox/lib/python3.10/site-packages/django/core/handlers/base.py", line 197, in _get_response
    response = wrapped_callback(request, *callback_args, **callback_kwargs)
  File "/Users/yehl/Documents/软件测试资料/softwarebox/lib/python3.10/site-packages/django/views/decorators/csrf.py", line 54, in wrapped_view
    return view_func(*args, **kwargs)
  File "/Users/yehl/Documents/软件测试资料/softwarebox/lib/python3.10/site-packages/django/views/generic/base.py", line 84, in view
    return self.dispatch(request, *args, **kwargs)
  File "/Users/yehl/Documents/软件测试资料/softwarebox/lib/python3.10/site-packages/rest_framework/views.py", line 509, in dispatch
    response = self.handle_exception(exc)
  File "/Users/yehl/Documents/软件测试资料/softwarebox/lib/python3.10/site-packages/rest_framework/views.py", line 469, in handle_exception
    self.raise_uncaught_exception(exc)
  File "/Users/yehl/Documents/软件测试资料/softwarebox/lib/python3.10/site-packages/rest_framework/views.py", line 480, in raise_uncaught_exception
    raise exc
  File "/Users/yehl/Documents/软件测试资料/softwarebox/lib/python3.10/site-packages/rest_framework/views.py", line 506, in dispatch
    response = handler(request, *args, **kwargs)
TypeError: GroupList.get() got an unexpected keyword argument 'username'
[2024-11-14 15:23:58,083] [basehttp.py:187] [basehttp:log_message] [ERROR]- "GET /group/userList/%22%E5%B0%8F%E6%98%8E%22 HTTP/1.1" 500 84267
[2024-11-14 15:24:12,326] [autoreload.py:266] [autoreload:trigger_reload] [INFO]- /Users/yehl/Documents/testPlaform/TPlatform/group/urls.py changed, reloading.
[2024-11-14 15:24:12,640] [autoreload.py:677] [autoreload:run_with_reloader] [INFO]- Watching for file changes with StatReloader
[2024-11-14 15:24:20,668] [basehttp.py:187] [basehttp:log_message] [INFO]- "GET /group/userList HTTP/1.1" 200 2795
[2024-11-14 15:29:39,132] [log.py:241] [log:log_response] [WARNING]- Not Found: /group/userList/1
[2024-11-14 15:29:39,133] [basehttp.py:187] [basehttp:log_message] [WARNING]- "GET /group/userList/1 HTTP/1.1" 404 3243
[2024-11-14 15:38:10,637] [autoreload.py:266] [autoreload:trigger_reload] [INFO]- /Users/yehl/Documents/testPlaform/TPlatform/group/serializer.py changed, reloading.
[2024-11-14 15:38:10,957] [autoreload.py:677] [autoreload:run_with_reloader] [INFO]- Watching for file changes with StatReloader
[2024-11-14 15:38:15,141] [basehttp.py:187] [basehttp:log_message] [INFO]- "GET /group/userList HTTP/1.1" 200 2795
[2024-11-14 15:38:33,528] [autoreload.py:266] [autoreload:trigger_reload] [INFO]- /Users/yehl/Documents/testPlaform/TPlatform/group/serializer.py changed, reloading.
[2024-11-14 15:38:33,807] [autoreload.py:677] [autoreload:run_with_reloader] [INFO]- Watching for file changes with StatReloader
[2024-11-14 15:38:40,590] [basehttp.py:187] [basehttp:log_message] [INFO]- "GET /group/userList HTTP/1.1" 200 2795
[2024-11-14 15:39:18,637] [autoreload.py:266] [autoreload:trigger_reload] [INFO]- /Users/yehl/Documents/testPlaform/TPlatform/group/serializer.py changed, reloading.
[2024-11-14 15:39:18,963] [autoreload.py:677] [autoreload:run_with_reloader] [INFO]- Watching for file changes with StatReloader
[2024-11-14 15:39:23,189] [autoreload.py:266] [autoreload:trigger_reload] [INFO]- /Users/yehl/Documents/testPlaform/TPlatform/group/serializer.py changed, reloading.
[2024-11-14 15:39:23,440] [autoreload.py:677] [autoreload:run_with_reloader] [INFO]- Watching for file changes with StatReloader
[2024-11-14 15:39:25,836] [basehttp.py:187] [basehttp:log_message] [INFO]- "GET /group/userList HTTP/1.1" 200 2795
[2024-11-14 15:39:45,972] [autoreload.py:266] [autoreload:trigger_reload] [INFO]- /Users/yehl/Documents/testPlaform/TPlatform/group/serializer.py changed, reloading.
[2024-11-14 15:39:46,270] [autoreload.py:677] [autoreload:run_with_reloader] [INFO]- Watching for file changes with StatReloader
[2024-11-14 15:39:48,467] [autoreload.py:266] [autoreload:trigger_reload] [INFO]- /Users/yehl/Documents/testPlaform/TPlatform/group/serializer.py changed, reloading.
[2024-11-14 15:39:48,710] [autoreload.py:677] [autoreload:run_with_reloader] [INFO]- Watching for file changes with StatReloader
[2024-11-14 15:40:18,218] [autoreload.py:266] [autoreload:trigger_reload] [INFO]- /Users/yehl/Documents/testPlaform/TPlatform/group/views.py changed, reloading.
[2024-11-14 15:40:18,536] [autoreload.py:677] [autoreload:run_with_reloader] [INFO]- Watching for file changes with StatReloader
[2024-11-14 15:46:50,145] [autoreload.py:266] [autoreload:trigger_reload] [INFO]- /Users/yehl/Documents/testPlaform/TPlatform/group/views.py changed, reloading.
[2024-11-14 15:46:50,499] [autoreload.py:677] [autoreload:run_with_reloader] [INFO]- Watching for file changes with StatReloader
[2024-11-14 15:47:01,439] [log.py:241] [log:log_response] [ERROR]- Internal Server Error: /group/userList
Traceback (most recent call last):
  File "/Users/yehl/Documents/软件测试资料/softwarebox/lib/python3.10/site-packages/rest_framework/request.py", line 416, in __getattr__
    return getattr(self._request, attr)
AttributeError: 'WSGIRequest' object has no attribute 'Get'

During handling of the above exception, another exception occurred:

Traceback (most recent call last):
  File "/Users/yehl/Documents/软件测试资料/softwarebox/lib/python3.10/site-packages/django/core/handlers/exception.py", line 55, in inner
    response = get_response(request)
  File "/Users/yehl/Documents/软件测试资料/softwarebox/lib/python3.10/site-packages/django/core/handlers/base.py", line 197, in _get_response
    response = wrapped_callback(request, *callback_args, **callback_kwargs)
  File "/Users/yehl/Documents/软件测试资料/softwarebox/lib/python3.10/site-packages/django/views/decorators/csrf.py", line 54, in wrapped_view
    return view_func(*args, **kwargs)
  File "/Users/yehl/Documents/软件测试资料/softwarebox/lib/python3.10/site-packages/django/views/generic/base.py", line 84, in view
    return self.dispatch(request, *args, **kwargs)
  File "/Users/yehl/Documents/软件测试资料/softwarebox/lib/python3.10/site-packages/rest_framework/views.py", line 509, in dispatch
    response = self.handle_exception(exc)
  File "/Users/yehl/Documents/软件测试资料/softwarebox/lib/python3.10/site-packages/rest_framework/views.py", line 469, in handle_exception
    self.raise_uncaught_exception(exc)
  File "/Users/yehl/Documents/软件测试资料/softwarebox/lib/python3.10/site-packages/rest_framework/views.py", line 480, in raise_uncaught_exception
    raise exc
  File "/Users/yehl/Documents/软件测试资料/softwarebox/lib/python3.10/site-packages/rest_framework/views.py", line 506, in dispatch
    response = handler(request, *args, **kwargs)
  File "/Users/yehl/Documents/testPlaform/TPlatform/group/views.py", line 101, in get
    user_id = request.Get.get("id")
  File "/Users/yehl/Documents/软件测试资料/softwarebox/lib/python3.10/site-packages/rest_framework/request.py", line 418, in __getattr__
    return self.__getattribute__(attr)
AttributeError: 'Request' object has no attribute 'Get'
[2024-11-14 15:47:01,442] [basehttp.py:187] [basehttp:log_message] [ERROR]- "GET /group/userList?id=38 HTTP/1.1" 500 97099
[2024-11-14 15:48:48,235] [autoreload.py:266] [autoreload:trigger_reload] [INFO]- /Users/yehl/Documents/testPlaform/TPlatform/group/views.py changed, reloading.
[2024-11-14 15:48:48,555] [autoreload.py:677] [autoreload:run_with_reloader] [INFO]- Watching for file changes with StatReloader
[2024-11-14 15:48:51,674] [log.py:241] [log:log_response] [ERROR]- Internal Server Error: /group/userList
Traceback (most recent call last):
  File "/Users/yehl/Documents/软件测试资料/softwarebox/lib/python3.10/site-packages/rest_framework/request.py", line 416, in __getattr__
    return getattr(self._request, attr)
AttributeError: 'WSGIRequest' object has no attribute 'Get'

During handling of the above exception, another exception occurred:

Traceback (most recent call last):
  File "/Users/yehl/Documents/软件测试资料/softwarebox/lib/python3.10/site-packages/django/core/handlers/exception.py", line 55, in inner
    response = get_response(request)
  File "/Users/yehl/Documents/软件测试资料/softwarebox/lib/python3.10/site-packages/django/core/handlers/base.py", line 197, in _get_response
    response = wrapped_callback(request, *callback_args, **callback_kwargs)
  File "/Users/yehl/Documents/软件测试资料/softwarebox/lib/python3.10/site-packages/django/views/decorators/csrf.py", line 54, in wrapped_view
    return view_func(*args, **kwargs)
  File "/Users/yehl/Documents/软件测试资料/softwarebox/lib/python3.10/site-packages/django/views/generic/base.py", line 84, in view
    return self.dispatch(request, *args, **kwargs)
  File "/Users/yehl/Documents/软件测试资料/softwarebox/lib/python3.10/site-packages/rest_framework/views.py", line 509, in dispatch
    response = self.handle_exception(exc)
  File "/Users/yehl/Documents/软件测试资料/softwarebox/lib/python3.10/site-packages/rest_framework/views.py", line 469, in handle_exception
    self.raise_uncaught_exception(exc)
  File "/Users/yehl/Documents/软件测试资料/softwarebox/lib/python3.10/site-packages/rest_framework/views.py", line 480, in raise_uncaught_exception
    raise exc
  File "/Users/yehl/Documents/软件测试资料/softwarebox/lib/python3.10/site-packages/rest_framework/views.py", line 506, in dispatch
    response = handler(request, *args, **kwargs)
  File "/Users/yehl/Documents/testPlaform/TPlatform/group/views.py", line 102, in get
    username = request.Get.get("username")
  File "/Users/yehl/Documents/软件测试资料/softwarebox/lib/python3.10/site-packages/rest_framework/request.py", line 418, in __getattr__
    return self.__getattribute__(attr)
AttributeError: 'Request' object has no attribute 'Get'
[2024-11-14 15:48:51,677] [basehttp.py:187] [basehttp:log_message] [ERROR]- "GET /group/userList?id=38 HTTP/1.1" 500 97336
[2024-11-14 15:49:45,589] [autoreload.py:266] [autoreload:trigger_reload] [INFO]- /Users/yehl/Documents/testPlaform/TPlatform/group/views.py changed, reloading.
[2024-11-14 15:49:45,911] [autoreload.py:677] [autoreload:run_with_reloader] [INFO]- Watching for file changes with StatReloader
[2024-11-14 15:54:49,257] [autoreload.py:266] [autoreload:trigger_reload] [INFO]- /Users/yehl/Documents/testPlaform/TPlatform/group/views.py changed, reloading.
[2024-11-14 15:54:49,587] [autoreload.py:677] [autoreload:run_with_reloader] [INFO]- Watching for file changes with StatReloader
[2024-11-14 15:56:33,400] [autoreload.py:266] [autoreload:trigger_reload] [INFO]- /Users/yehl/Documents/testPlaform/TPlatform/group/views.py changed, reloading.
[2024-11-14 15:56:33,701] [autoreload.py:677] [autoreload:run_with_reloader] [INFO]- Watching for file changes with StatReloader
[2024-11-14 15:56:37,251] [log.py:241] [log:log_response] [ERROR]- Internal Server Error: /group/userList
Traceback (most recent call last):
  File "/Users/yehl/Documents/软件测试资料/softwarebox/lib/python3.10/site-packages/rest_framework/request.py", line 416, in __getattr__
    return getattr(self._request, attr)
AttributeError: 'WSGIRequest' object has no attribute 'object'

During handling of the above exception, another exception occurred:

Traceback (most recent call last):
  File "/Users/yehl/Documents/软件测试资料/softwarebox/lib/python3.10/site-packages/django/core/handlers/exception.py", line 55, in inner
    response = get_response(request)
  File "/Users/yehl/Documents/软件测试资料/softwarebox/lib/python3.10/site-packages/django/core/handlers/base.py", line 197, in _get_response
    response = wrapped_callback(request, *callback_args, **callback_kwargs)
  File "/Users/yehl/Documents/软件测试资料/softwarebox/lib/python3.10/site-packages/django/views/decorators/csrf.py", line 54, in wrapped_view
    return view_func(*args, **kwargs)
  File "/Users/yehl/Documents/软件测试资料/softwarebox/lib/python3.10/site-packages/django/views/generic/base.py", line 84, in view
    return self.dispatch(request, *args, **kwargs)
  File "/Users/yehl/Documents/软件测试资料/softwarebox/lib/python3.10/site-packages/rest_framework/views.py", line 509, in dispatch
    response = self.handle_exception(exc)
  File "/Users/yehl/Documents/软件测试资料/softwarebox/lib/python3.10/site-packages/rest_framework/views.py", line 469, in handle_exception
    self.raise_uncaught_exception(exc)
  File "/Users/yehl/Documents/软件测试资料/softwarebox/lib/python3.10/site-packages/rest_framework/views.py", line 480, in raise_uncaught_exception
    raise exc
  File "/Users/yehl/Documents/软件测试资料/softwarebox/lib/python3.10/site-packages/rest_framework/views.py", line 506, in dispatch
    response = handler(request, *args, **kwargs)
  File "/Users/yehl/Documents/testPlaform/TPlatform/group/views.py", line 101, in get
    user_id = request.object.get("id")
  File "/Users/yehl/Documents/软件测试资料/softwarebox/lib/python3.10/site-packages/rest_framework/request.py", line 418, in __getattr__
    return self.__getattribute__(attr)
AttributeError: 'Request' object has no attribute 'object'
[2024-11-14 15:56:37,253] [basehttp.py:187] [basehttp:log_message] [ERROR]- "GET /group/userList?id=38 HTTP/1.1" 500 97138
[2024-11-14 15:58:42,670] [autoreload.py:266] [autoreload:trigger_reload] [INFO]- /Users/yehl/Documents/testPlaform/TPlatform/group/views.py changed, reloading.
[2024-11-14 15:58:42,982] [autoreload.py:677] [autoreload:run_with_reloader] [INFO]- Watching for file changes with StatReloader
[2024-11-14 15:58:47,235] [autoreload.py:266] [autoreload:trigger_reload] [INFO]- /Users/yehl/Documents/testPlaform/TPlatform/group/views.py changed, reloading.
[2024-11-14 15:58:47,443] [autoreload.py:677] [autoreload:run_with_reloader] [INFO]- Watching for file changes with StatReloader
[2024-11-14 15:58:49,741] [basehttp.py:187] [basehttp:log_message] [INFO]- "GET /group/userList?id=38 HTTP/1.1" 200 2795
[2024-11-14 16:00:45,245] [autoreload.py:266] [autoreload:trigger_reload] [INFO]- /Users/yehl/Documents/testPlaform/TPlatform/group/views.py changed, reloading.
[2024-11-14 16:00:45,576] [autoreload.py:677] [autoreload:run_with_reloader] [INFO]- Watching for file changes with StatReloader
[2024-11-14 16:01:18,131] [autoreload.py:266] [autoreload:trigger_reload] [INFO]- /Users/yehl/Documents/testPlaform/TPlatform/group/views.py changed, reloading.
[2024-11-14 16:01:18,448] [autoreload.py:677] [autoreload:run_with_reloader] [INFO]- Watching for file changes with StatReloader
[2024-11-14 16:01:21,233] [log.py:241] [log:log_response] [ERROR]- Internal Server Error: /group/userList
Traceback (most recent call last):
  File "/Users/yehl/Documents/软件测试资料/softwarebox/lib/python3.10/site-packages/django/core/handlers/exception.py", line 55, in inner
    response = get_response(request)
  File "/Users/yehl/Documents/软件测试资料/softwarebox/lib/python3.10/site-packages/django/core/handlers/base.py", line 197, in _get_response
    response = wrapped_callback(request, *callback_args, **callback_kwargs)
  File "/Users/yehl/Documents/软件测试资料/softwarebox/lib/python3.10/site-packages/django/views/decorators/csrf.py", line 54, in wrapped_view
    return view_func(*args, **kwargs)
  File "/Users/yehl/Documents/软件测试资料/softwarebox/lib/python3.10/site-packages/django/views/generic/base.py", line 84, in view
    return self.dispatch(request, *args, **kwargs)
  File "/Users/yehl/Documents/软件测试资料/softwarebox/lib/python3.10/site-packages/rest_framework/views.py", line 509, in dispatch
    response = self.handle_exception(exc)
  File "/Users/yehl/Documents/软件测试资料/softwarebox/lib/python3.10/site-packages/rest_framework/views.py", line 469, in handle_exception
    self.raise_uncaught_exception(exc)
  File "/Users/yehl/Documents/软件测试资料/softwarebox/lib/python3.10/site-packages/rest_framework/views.py", line 480, in raise_uncaught_exception
    raise exc
  File "/Users/yehl/Documents/软件测试资料/softwarebox/lib/python3.10/site-packages/rest_framework/views.py", line 506, in dispatch
    response = handler(request, *args, **kwargs)
  File "/Users/yehl/Documents/testPlaform/TPlatform/group/views.py", line 101, in get
    user_id = request.query_params("id")
TypeError: 'QueryDict' object is not callable
[2024-11-14 16:01:21,235] [basehttp.py:187] [basehttp:log_message] [ERROR]- "GET /group/userList?id=38 HTTP/1.1" 500 89078
[2024-11-14 16:01:39,962] [autoreload.py:266] [autoreload:trigger_reload] [INFO]- /Users/yehl/Documents/testPlaform/TPlatform/group/views.py changed, reloading.
[2024-11-14 16:01:40,242] [autoreload.py:677] [autoreload:run_with_reloader] [INFO]- Watching for file changes with StatReloader
[2024-11-14 16:01:43,040] [log.py:241] [log:log_response] [ERROR]- Internal Server Error: /group/userList
Traceback (most recent call last):
  File "/Users/yehl/Documents/软件测试资料/softwarebox/lib/python3.10/site-packages/django/core/handlers/exception.py", line 55, in inner
    response = get_response(request)
  File "/Users/yehl/Documents/软件测试资料/softwarebox/lib/python3.10/site-packages/django/core/handlers/base.py", line 197, in _get_response
    response = wrapped_callback(request, *callback_args, **callback_kwargs)
  File "/Users/yehl/Documents/软件测试资料/softwarebox/lib/python3.10/site-packages/django/views/decorators/csrf.py", line 54, in wrapped_view
    return view_func(*args, **kwargs)
  File "/Users/yehl/Documents/软件测试资料/softwarebox/lib/python3.10/site-packages/django/views/generic/base.py", line 84, in view
    return self.dispatch(request, *args, **kwargs)
  File "/Users/yehl/Documents/软件测试资料/softwarebox/lib/python3.10/site-packages/rest_framework/views.py", line 509, in dispatch
    response = self.handle_exception(exc)
  File "/Users/yehl/Documents/软件测试资料/softwarebox/lib/python3.10/site-packages/rest_framework/views.py", line 469, in handle_exception
    self.raise_uncaught_exception(exc)
  File "/Users/yehl/Documents/软件测试资料/softwarebox/lib/python3.10/site-packages/rest_framework/views.py", line 480, in raise_uncaught_exception
    raise exc
  File "/Users/yehl/Documents/软件测试资料/softwarebox/lib/python3.10/site-packages/rest_framework/views.py", line 506, in dispatch
    response = handler(request, *args, **kwargs)
  File "/Users/yehl/Documents/testPlaform/TPlatform/group/views.py", line 106, in get
    return Response(serialize.data, status=status.HTTP_200_OK)
  File "/Users/yehl/Documents/软件测试资料/softwarebox/lib/python3.10/site-packages/rest_framework/serializers.py", line 768, in data
    ret = super().data
  File "/Users/yehl/Documents/软件测试资料/softwarebox/lib/python3.10/site-packages/rest_framework/serializers.py", line 253, in data
    self._data = self.to_representation(self.instance)
  File "/Users/yehl/Documents/软件测试资料/softwarebox/lib/python3.10/site-packages/rest_framework/serializers.py", line 686, in to_representation
    return [
TypeError: 'users' object is not iterable
[2024-11-14 16:01:43,042] [basehttp.py:187] [basehttp:log_message] [ERROR]- "GET /group/userList?id=38 HTTP/1.1" 500 100046
[2024-11-14 16:02:25,011] [autoreload.py:266] [autoreload:trigger_reload] [INFO]- /Users/yehl/Documents/testPlaform/TPlatform/group/views.py changed, reloading.
[2024-11-14 16:02:25,325] [autoreload.py:677] [autoreload:run_with_reloader] [INFO]- Watching for file changes with StatReloader
[2024-11-14 16:02:31,582] [autoreload.py:266] [autoreload:trigger_reload] [INFO]- /Users/yehl/Documents/testPlaform/TPlatform/group/views.py changed, reloading.
[2024-11-14 16:02:31,855] [autoreload.py:677] [autoreload:run_with_reloader] [INFO]- Watching for file changes with StatReloader
[2024-11-14 16:02:34,562] [basehttp.py:187] [basehttp:log_message] [INFO]- "GET /group/userList?id=38 HTTP/1.1" 200 75
[2024-11-14 16:02:41,969] [basehttp.py:187] [basehttp:log_message] [INFO]- "GET /group/userList HTTP/1.1" 200 2795
[2024-11-14 16:06:38,394] [autoreload.py:266] [autoreload:trigger_reload] [INFO]- /Users/yehl/Documents/testPlaform/TPlatform/group/views.py changed, reloading.
[2024-11-14 16:06:38,719] [autoreload.py:677] [autoreload:run_with_reloader] [INFO]- Watching for file changes with StatReloader
[2024-11-14 16:06:56,563] [basehttp.py:187] [basehttp:log_message] [INFO]- "GET /group/userList?username=%E5%B0%8F%E6%98%8E HTTP/1.1" 200 73
[2024-11-14 16:07:02,668] [basehttp.py:187] [basehttp:log_message] [INFO]- "GET /group/userList?username=%E5%B0%8F%E4%BA%94 HTTP/1.1" 200 2
[2024-11-14 16:07:08,492] [basehttp.py:187] [basehttp:log_message] [INFO]- "GET /group/userList?username= HTTP/1.1" 200 2795
[2024-11-14 16:07:15,688] [basehttp.py:187] [basehttp:log_message] [INFO]- "GET /group/userList?username=Ardella67 HTTP/1.1" 200 76
[2024-11-14 16:27:19,440] [basehttp.py:187] [basehttp:log_message] [INFO]- "GET /group/userList?username=Ardella67 HTTP/1.1" 200 76
[2024-11-14 16:52:01,268] [autoreload.py:266] [autoreload:trigger_reload] [INFO]- /Users/yehl/Documents/testPlaform/TPlatform/group/views.py changed, reloading.
[2024-11-14 16:52:01,623] [autoreload.py:677] [autoreload:run_with_reloader] [INFO]- Watching for file changes with StatReloader
[2024-11-14 17:24:54,049] [log.py:230] [log:log_response] [WARNING]- Not Found: /group/userList
[2024-11-14 17:26:52,027] [log.py:230] [log:log_response] [WARNING]- Not Found: /group/userList
[2024-11-14 17:27:01,197] [log.py:230] [log:log_response] [WARNING]- Not Found: /
[2024-11-14 17:49:34,290] [log.py:230] [log:log_response] [WARNING]- Not Found: /group/userList
[2024-11-14 17:54:27,216] [log.py:230] [log:log_response] [WARNING]- Not Found: /
[2024-11-14 18:02:10,100] [log.py:230] [log:log_response] [WARNING]- Not Found: /
[2024-11-14 18:10:29,562] [log.py:230] [log:log_response] [WARNING]- Not Found: /login.rsp
[2024-11-14 18:13:24,072] [log.py:230] [log:log_response] [WARNING]- Not Found: /
[2024-11-14 18:18:22,488] [log.py:230] [log:log_response] [WARNING]- Not Found: /
[2024-11-14 18:19:51,882] [log.py:230] [log:log_response] [WARNING]- Not Found: /
[2024-11-14 18:26:35,498] [log.py:230] [log:log_response] [WARNING]- Not Found: /
[2024-11-14 18:46:42,729] [log.py:230] [log:log_response] [WARNING]- Not Found: /
[2024-11-14 19:01:01,156] [log.py:230] [log:log_response] [WARNING]- Not Found: /`group/userList`
[2024-11-14 19:01:01,238] [log.py:230] [log:log_response] [WARNING]- Not Found: /favicon.ico
[2024-11-14 19:05:22,387] [log.py:230] [log:log_response] [WARNING]- Not Found: /
[2024-11-14 19:18:51,742] [log.py:230] [log:log_response] [WARNING]- Not Found: /
[2024-11-14 19:20:16,536] [log.py:230] [log:log_response] [WARNING]- Not Found: /
[2024-11-14 19:32:12,858] [log.py:230] [log:log_response] [WARNING]- Not Found: /login.rsp
[2024-11-14 19:35:43,947] [log.py:230] [log:log_response] [WARNING]- Not Found: /
[2024-11-14 19:40:32,222] [log.py:230] [log:log_response] [WARNING]- Not Found: /
[2024-11-14 20:07:17,224] [log.py:230] [log:log_response] [WARNING]- Not Found: /.env
[2024-11-14 20:22:10,623] [log.py:230] [log:log_response] [WARNING]- Not Found: /
[2024-11-14 20:33:40,371] [log.py:230] [log:log_response] [WARNING]- Not Found: /boaform/admin/formLogin
[2024-11-14 20:40:46,616] [log.py:230] [log:log_response] [WARNING]- Not Found: /
[2024-11-14 20:46:44,398] [log.py:230] [log:log_response] [WARNING]- Not Found: /
[2024-11-14 21:06:37,728] [log.py:230] [log:log_response] [WARNING]- Not Found: /
[2024-11-14 21:07:01,532] [log.py:230] [log:log_response] [WARNING]- Not Found: /config.yml
[2024-11-14 21:07:02,152] [log.py:230] [log:log_response] [WARNING]- Not Found: /.env.backup
[2024-11-14 21:07:02,846] [log.py:230] [log:log_response] [WARNING]- Not Found: /.env.production
[2024-11-14 21:07:03,384] [log.py:230] [log:log_response] [WARNING]- Not Found: /old_phpinfo.php
[2024-11-14 21:07:04,026] [log.py:230] [log:log_response] [WARNING]- Not Found: /config/.env
[2024-11-14 21:07:04,559] [log.py:230] [log:log_response] [WARNING]- Not Found: /.travis.yml
[2024-11-14 21:07:05,076] [log.py:230] [log:log_response] [WARNING]- Not Found: /.aws/credentials
[2024-11-14 21:07:05,782] [log.py:230] [log:log_response] [WARNING]- Not Found: /www/.git/config
[2024-11-14 21:07:06,649] [log.py:230] [log:log_response] [WARNING]- Not Found: /.env.prod.local
[2024-11-14 21:07:07,916] [log.py:230] [log:log_response] [WARNING]- Not Found: /api/.env
[2024-11-14 21:07:08,561] [log.py:230] [log:log_response] [WARNING]- Not Found: /config.json
[2024-11-14 21:07:10,084] [log.py:230] [log:log_response] [WARNING]- Not Found: /api/.git/config
[2024-11-14 21:07:10,597] [log.py:230] [log:log_response] [WARNING]- Not Found: /media/.git/config
[2024-11-14 21:07:11,106] [log.py:230] [log:log_response] [WARNING]- Not Found: /.env.example
[2024-11-14 21:07:11,827] [log.py:230] [log:log_response] [WARNING]- Not Found: /.env.local
[2024-11-14 21:07:12,655] [log.py:230] [log:log_response] [WARNING]- Not Found: /static../.git/config
[2024-11-14 21:07:13,361] [log.py:230] [log:log_response] [WARNING]- Not Found: /data/.git/config
[2024-11-14 21:07:13,927] [log.py:230] [log:log_response] [WARNING]- Not Found: /.gitlab-ci.yml
[2024-11-14 21:07:14,748] [log.py:230] [log:log_response] [WARNING]- Not Found: /.env.dev.local
[2024-11-14 21:07:15,449] [log.py:230] [log:log_response] [WARNING]- Not Found: /.env.development.local
[2024-11-14 21:07:16,035] [log.py:230] [log:log_response] [WARNING]- Not Found: /.git/config
[2024-11-14 21:07:16,716] [log.py:230] [log:log_response] [WARNING]- Not Found: /public/.git/config
[2024-11-14 21:07:17,278] [log.py:230] [log:log_response] [WARNING]- Not Found: /bootstrap.yml
[2024-11-14 21:07:17,812] [log.py:230] [log:log_response] [WARNING]- Not Found: /.env.bak
[2024-11-14 21:07:18,355] [log.py:230] [log:log_response] [WARNING]- Not Found: /.env.prod
[2024-11-14 21:07:18,975] [log.py:230] [log:log_response] [WARNING]- Not Found: /.env_sample
[2024-11-14 21:07:19,648] [log.py:230] [log:log_response] [WARNING]- Not Found: /.env.save
[2024-11-14 21:07:20,209] [log.py:230] [log:log_response] [WARNING]- Not Found: /linusadmin-phpinfo.php
[2024-11-14 21:07:20,718] [log.py:230] [log:log_response] [WARNING]- Not Found: /config/environment.rb
[2024-11-14 21:07:21,372] [log.py:230] [log:log_response] [WARNING]- Not Found: /dev/.git/config
[2024-11-14 21:07:22,040] [log.py:230] [log:log_response] [WARNING]- Not Found: /js/.git/config
[2024-11-14 21:07:22,839] [log.py:230] [log:log_response] [WARNING]- Not Found: /docker-compose.prod.yml
[2024-11-14 21:07:23,719] [log.py:230] [log:log_response] [WARNING]- Not Found: /.env.dev
[2024-11-14 21:07:24,292] [log.py:230] [log:log_response] [WARNING]- Not Found: /.env.live
[2024-11-14 21:07:24,945] [log.py:230] [log:log_response] [WARNING]- Not Found: /.envrc
[2024-11-14 21:07:25,566] [log.py:230] [log:log_response] [WARNING]- Not Found: /src/.git/config
[2024-11-14 21:07:26,210] [log.py:230] [log:log_response] [WARNING]- Not Found: /assets../.git/config
[2024-11-14 21:07:26,792] [log.py:230] [log:log_response] [WARNING]- Not Found: /.env
[2024-11-14 21:07:28,134] [log.py:230] [log:log_response] [WARNING]- Not Found: /.env.old
[2024-11-14 21:07:28,788] [log.py:230] [log:log_response] [WARNING]- Not Found: /pinfo.php
[2024-11-14 21:07:29,366] [log.py:230] [log:log_response] [WARNING]- Not Found: /_profiler/phpinfo.php
[2024-11-14 21:07:30,158] [log.py:230] [log:log_response] [WARNING]- Not Found: /server/.git/config
[2024-11-14 21:07:30,691] [log.py:230] [log:log_response] [WARNING]- Not Found: /php_info.php
[2024-11-14 21:07:31,351] [log.py:230] [log:log_response] [WARNING]- Not Found: /media../.git/config
[2024-11-14 21:07:31,874] [log.py:230] [log:log_response] [WARNING]- Not Found: /dashboard/phpinfo.php
[2024-11-14 21:07:33,340] [log.py:230] [log:log_response] [WARNING]- Not Found: /.env.production.local
[2024-11-14 21:07:33,894] [log.py:230] [log:log_response] [WARNING]- Not Found: /.env.stage
[2024-11-14 21:07:34,521] [log.py:230] [log:log_response] [WARNING]- Not Found: /php-info.php
[2024-11-14 21:17:46,310] [log.py:230] [log:log_response] [WARNING]- Not Found: /
[2024-11-14 21:17:49,956] [log.py:230] [log:log_response] [WARNING]- Not Found: /
[2024-11-14 21:22:43,570] [log.py:230] [log:log_response] [WARNING]- Not Found: /
[2024-11-14 21:31:27,448] [log.py:230] [log:log_response] [WARNING]- Not Found: /
[2024-11-14 21:31:28,007] [log.py:230] [log:log_response] [WARNING]- Not Found: /favicon.ico
[2024-11-14 21:50:57,974] [log.py:230] [log:log_response] [WARNING]- Not Found: /aaa9
[2024-11-14 21:51:00,880] [log.py:230] [log:log_response] [WARNING]- Not Found: /aab9
[2024-11-14 21:56:45,029] [log.py:230] [log:log_response] [WARNING]- Not Found: /
[2024-11-14 22:06:34,093] [log.py:230] [log:log_response] [WARNING]- Not Found: /
[2024-11-14 22:30:17,998] [log.py:230] [log:log_response] [WARNING]- Not Found: /
[2024-11-14 22:44:28,083] [log.py:230] [log:log_response] [WARNING]- Not Found: /.git/config
[2024-11-14 22:46:18,065] [log.py:230] [log:log_response] [WARNING]- Not Found: /
[2024-11-14 23:41:05,175] [log.py:230] [log:log_response] [WARNING]- Not Found: /
[2024-11-14 23:50:32,879] [log.py:230] [log:log_response] [WARNING]- Not Found: /
[2024-11-14 23:59:29,025] [log.py:230] [log:log_response] [WARNING]- Not Found: /
[2024-11-14 23:59:30,900] [log.py:230] [log:log_response] [WARNING]- Not Found: /keybox.xml
[2024-11-15 00:18:19,849] [log.py:230] [log:log_response] [WARNING]- Not Found: /
[2024-11-15 00:25:29,279] [log.py:230] [log:log_response] [WARNING]- Not Found: /
[2024-11-15 00:32:04,928] [log.py:230] [log:log_response] [WARNING]- Not Found: /.env
[2024-11-15 00:37:50,564] [log.py:230] [log:log_response] [WARNING]- Not Found: /login.rsp
[2024-11-15 01:15:37,060] [log.py:230] [log:log_response] [WARNING]- Not Found: /
[2024-11-15 01:22:29,021] [log.py:230] [log:log_response] [WARNING]- Not Found: /
[2024-11-15 01:29:41,113] [log.py:230] [log:log_response] [WARNING]- Not Found: /setup.cgi
[2024-11-15 01:46:39,643] [log.py:230] [log:log_response] [WARNING]- Not Found: /
[2024-11-15 01:58:25,505] [log.py:230] [log:log_response] [WARNING]- Not Found: /
[2024-11-15 02:20:54,081] [log.py:230] [log:log_response] [WARNING]- Not Found: /
[2024-11-15 02:20:54,511] [log.py:230] [log:log_response] [WARNING]- Not Found: /robots.txt
[2024-11-15 02:20:54,951] [log.py:230] [log:log_response] [WARNING]- Not Found: /sitemap.xml
[2024-11-15 02:20:55,377] [log.py:230] [log:log_response] [WARNING]- Not Found: /.well-known/security.txt
[2024-11-15 02:20:56,422] [log.py:230] [log:log_response] [WARNING]- Not Found: /favicon.ico
[2024-11-15 02:51:16,627] [log.py:230] [log:log_response] [WARNING]- Not Found: /
[2024-11-15 02:51:21,456] [log.py:230] [log:log_response] [WARNING]- Not Found: /
[2024-11-15 03:10:52,096] [log.py:230] [log:log_response] [WARNING]- Not Found: /hudson
[2024-11-15 03:13:03,820] [log.py:230] [log:log_response] [WARNING]- Not Found: /
[2024-11-15 03:20:08,719] [log.py:230] [log:log_response] [WARNING]- Not Found: /
[2024-11-15 03:31:03,127] [log.py:230] [log:log_response] [WARNING]- Not Found: /
[2024-11-15 03:40:34,208] [log.py:230] [log:log_response] [WARNING]- Not Found: /
[2024-11-15 03:55:14,548] [log.py:230] [log:log_response] [WARNING]- Not Found: /
[2024-11-15 04:06:31,763] [log.py:230] [log:log_response] [WARNING]- Not Found: /login.rsp
[2024-11-15 05:18:25,210] [log.py:230] [log:log_response] [WARNING]- Not Found: /
[2024-11-15 05:25:48,353] [log.py:230] [log:log_response] [WARNING]- Not Found: /invoker/EJBInvokerServlet
[2024-11-15 05:25:55,869] [log.py:230] [log:log_response] [WARNING]- Not Found: /jmx-console/HtmlAdaptor
[2024-11-15 05:26:04,028] [log.py:230] [log:log_response] [WARNING]- Not Found: /invoker/JMXInvokerServlet
[2024-11-15 05:26:13,281] [log.py:230] [log:log_response] [WARNING]- Not Found: /web-console/ServerInfo.jsp
[2024-11-15 06:02:51,132] [log.py:230] [log:log_response] [WARNING]- Not Found: /
[2024-11-15 06:08:01,573] [log.py:230] [log:log_response] [WARNING]- Not Found: /_profiler/phpinfo
[2024-11-15 06:20:52,302] [log.py:230] [log:log_response] [WARNING]- Not Found: /
[2024-11-15 06:36:53,186] [log.py:230] [log:log_response] [WARNING]- Not Found: /manager/html
[2024-11-15 06:47:31,036] [log.py:230] [log:log_response] [WARNING]- Not Found: /
[2024-11-15 07:05:41,965] [log.py:230] [log:log_response] [WARNING]- Not Found: /login.rsp
[2024-11-15 07:21:21,605] [log.py:230] [log:log_response] [WARNING]- Not Found: /
[2024-11-15 07:24:48,531] [log.py:230] [log:log_response] [WARNING]- Not Found: /
[2024-11-15 08:00:54,077] [log.py:230] [log:log_response] [WARNING]- Not Found: /
[2024-11-15 08:59:48,218] [log.py:230] [log:log_response] [WARNING]- Not Found: /
[2024-11-15 09:10:30,960] [log.py:230] [log:log_response] [WARNING]- Not Found: /
[2024-11-15 09:11:04,692] [log.py:230] [log:log_response] [WARNING]- Not Found: /
[2024-11-15 09:17:53,548] [log.py:230] [log:log_response] [WARNING]- Not Found: /login.rsp
[2024-11-15 09:19:16,633] [log.py:230] [log:log_response] [WARNING]- Not Found: /index.php
[2024-11-15 09:19:16,669] [log.py:230] [log:log_response] [WARNING]- Not Found: /login/stylesheets/theme.css
[2024-11-15 09:19:16,693] [log.py:230] [log:log_response] [WARNING]- Not Found: /
[2024-11-15 09:19:16,718] [log.py:230] [log:log_response] [WARNING]- Not Found: /public/stylesheets/theme.css
[2024-11-15 09:19:16,734] [log.py:230] [log:log_response] [WARNING]- Not Found: /stylesheets/theme.css
[2024-11-15 09:19:16,749] [log.py:230] [log:log_response] [WARNING]- Not Found: /chs/js/lang_zh_tw.js
[2024-11-15 09:19:16,760] [log.py:230] [log:log_response] [WARNING]- Not Found: /customer/js/lang_zh_tw.js
[2024-11-15 09:19:16,798] [log.py:230] [log:log_response] [WARNING]- Not Found: /ips/index.php
[2024-11-15 09:19:16,814] [log.py:230] [log:log_response] [WARNING]- Not Found: /index.php
[2024-11-15 09:29:01,254] [log.py:230] [log:log_response] [WARNING]- Not Found: /
[2024-11-15 09:36:19,112] [log.py:230] [log:log_response] [WARNING]- Not Found: /
[2024-11-15 09:40:24,839] [log.py:230] [log:log_response] [WARNING]- Not Found: /pscc/
[2024-11-15 09:40:24,839] [log.py:230] [log:log_response] [WARNING]- Not Found: /start/index.html
[2024-11-15 09:42:01,300] [log.py:230] [log:log_response] [WARNING]- Not Found: /boaform/admin/formLogin
[2024-11-15 10:10:37,412] [log.py:230] [log:log_response] [WARNING]- Not Found: /
[2024-11-15 10:36:33,300] [log.py:230] [log:log_response] [WARNING]- Not Found: /
[2024-11-15 11:16:23,619] [log.py:230] [log:log_response] [WARNING]- Not Found: /
[2024-11-15 11:17:20,923] [log.py:230] [log:log_response] [WARNING]- Not Found: /
[2024-11-15 11:23:38,388] [log.py:230] [log:log_response] [WARNING]- Not Found: /
[2024-11-15 11:45:51,512] [log.py:230] [log:log_response] [WARNING]- Not Found: /
[2024-11-15 11:45:51,674] [log.py:230] [log:log_response] [WARNING]- Not Found: /
[2024-11-15 11:45:51,739] [log.py:230] [log:log_response] [WARNING]- Not Found: /favicon.ico
[2024-11-15 11:45:51,906] [log.py:230] [log:log_response] [WARNING]- Not Found: /robots.txt
[2024-11-15 11:53:25,511] [log.py:230] [log:log_response] [WARNING]- Not Found: /
[2024-11-15 12:01:53,390] [log.py:230] [log:log_response] [WARNING]- Not Found: /
[2024-11-15 12:07:47,981] [log.py:230] [log:log_response] [WARNING]- Not Found: /
[2024-11-15 12:36:10,726] [log.py:230] [log:log_response] [WARNING]- Not Found: /.env
[2024-11-15 12:36:11,659] [log.py:230] [log:log_response] [WARNING]- Not Found: /
[2024-11-15 12:42:01,203] [log.py:230] [log:log_response] [WARNING]- Not Found: /
[2024-11-15 12:50:50,260] [log.py:230] [log:log_response] [WARNING]- Not Found: /
[2024-11-15 13:04:51,914] [log.py:230] [log:log_response] [WARNING]- Not Found: /
[2024-11-15 13:32:13,810] [log.py:230] [log:log_response] [WARNING]- Not Found: /
[2024-11-15 13:33:21,279] [log.py:230] [log:log_response] [WARNING]- Not Found: /
[2024-11-15 13:35:53,756] [log.py:230] [log:log_response] [WARNING]- Not Found: /
[2024-11-15 13:40:36,140] [log.py:230] [log:log_response] [WARNING]- Not Found: /.env
[2024-11-15 13:52:56,032] [log.py:230] [log:log_response] [WARNING]- Not Found: /
[2024-11-15 14:06:20,463] [log.py:230] [log:log_response] [WARNING]- Not Found: /
[2024-11-15 14:06:22,070] [log.py:230] [log:log_response] [WARNING]- Not Found: /
[2024-11-15 14:10:05,624] [log.py:230] [log:log_response] [WARNING]- Not Found: /.git/config
[2024-11-15 14:29:13,244] [log.py:230] [log:log_response] [WARNING]- Not Found: /
[2024-11-15 14:39:34,943] [log.py:230] [log:log_response] [WARNING]- Not Found: /
[2024-11-15 15:29:05,606] [log.py:230] [log:log_response] [WARNING]- Not Found: /
[2024-11-15 15:59:20,090] [log.py:230] [log:log_response] [WARNING]- Not Found: /cgi-bin/info.cgi
[2024-11-15 16:04:28,445] [log.py:230] [log:log_response] [WARNING]- Not Found: /
[2024-11-15 16:33:34,537] [log.py:230] [log:log_response] [WARNING]- Not Found: /.env
[2024-11-15 16:33:35,134] [log.py:230] [log:log_response] [WARNING]- Not Found: /default/.env
[2024-11-15 16:33:35,707] [log.py:230] [log:log_response] [WARNING]- Not Found: /delivery/.env
[2024-11-15 16:33:36,309] [log.py:230] [log:log_response] [WARNING]- Not Found: /dependencies/.env
[2024-11-15 16:33:36,914] [log.py:230] [log:log_response] [WARNING]- Not Found: /deploy/.env
[2024-11-15 16:33:37,520] [log.py:230] [log:log_response] [WARNING]- Not Found: /deployment/.env
[2024-11-15 16:33:38,099] [log.py:230] [log:log_response] [WARNING]- Not Found: /developerslv/.env
[2024-11-15 16:33:38,656] [log.py:230] [log:log_response] [WARNING]- Not Found: /directories/.env
[2024-11-15 16:33:40,256] [log.py:230] [log:log_response] [WARNING]- Not Found: /django/.env
[2024-11-15 16:33:40,844] [log.py:230] [log:log_response] [WARNING]- Not Found: /downloads/.env
[2024-11-15 16:33:41,380] [log.py:230] [log:log_response] [WARNING]- Not Found: /nginx/.env
[2024-11-15 16:33:42,129] [log.py:230] [log:log_response] [WARNING]- Not Found: /robots/.env
[2024-11-15 16:33:42,674] [log.py:230] [log:log_response] [WARNING]- Not Found: /sample.env
[2024-11-15 16:33:43,246] [log.py:230] [log:log_response] [WARNING]- Not Found: /search/.env
[2024-11-15 16:33:43,772] [log.py:230] [log:log_response] [WARNING]- Not Found: /sources/.env
[2024-11-15 16:33:44,434] [log.py:230] [log:log_response] [WARNING]- Not Found: /twilio.env
[2024-11-15 16:33:45,185] [log.py:230] [log:log_response] [WARNING]- Not Found: /user/.env
[2024-11-15 16:33:45,729] [log.py:230] [log:log_response] [WARNING]- Not Found: /phpinfo/.env
[2024-11-15 16:33:46,277] [log.py:230] [log:log_response] [WARNING]- Not Found: /pictures/.env
[2024-11-15 16:33:46,984] [log.py:230] [log:log_response] [WARNING]- Not Found: /option/.env
[2024-11-15 16:33:47,575] [log.py:230] [log:log_response] [WARNING]- Not Found: /options/.env
[2024-11-15 16:33:49,176] [log.py:230] [log:log_response] [WARNING]- Not Found: /portal/.env
[2024-11-15 16:33:49,790] [log.py:230] [log:log_response] [WARNING]- Not Found: /route/.env
[2024-11-15 16:33:50,447] [log.py:230] [log:log_response] [WARNING]- Not Found: /routes/.env
[2024-11-15 16:33:51,578] [log.py:230] [log:log_response] [WARNING]- Not Found: /office/.env
[2024-11-15 16:33:52,116] [log.py:230] [log:log_response] [WARNING]- Not Found: /wp-admin/.env
[2024-11-15 16:33:52,655] [log.py:230] [log:log_response] [WARNING]- Not Found: /upfiles/.env
[2024-11-15 16:33:53,203] [log.py:230] [log:log_response] [WARNING]- Not Found: /view/.env
[2024-11-15 16:33:53,824] [log.py:230] [log:log_response] [WARNING]- Not Found: /views/.env
[2024-11-15 16:33:54,377] [log.py:230] [log:log_response] [WARNING]- Not Found: /security/.env
[2024-11-15 16:33:54,919] [log.py:230] [log:log_response] [WARNING]- Not Found: /samples/.env
[2024-11-15 16:33:55,550] [log.py:230] [log:log_response] [WARNING]- Not Found: /sandbox/.env
[2024-11-15 16:33:56,111] [log.py:230] [log:log_response] [WARNING]- Not Found: /results/.env
[2024-11-15 16:33:56,683] [log.py:230] [log:log_response] [WARNING]- Not Found: /process/.env
[2024-11-15 16:33:57,246] [log.py:230] [log:log_response] [WARNING]- Not Found: /products/.env
[2024-11-15 16:33:57,801] [log.py:230] [log:log_response] [WARNING]- Not Found: /project/.env
[2024-11-15 16:33:58,469] [log.py:230] [log:log_response] [WARNING]- Not Found: /import/.env
[2024-11-15 16:33:58,994] [log.py:230] [log:log_response] [WARNING]- Not Found: /include/.env
[2024-11-15 16:33:59,522] [log.py:230] [log:log_response] [WARNING]- Not Found: /install/.env
[2024-11-15 16:34:00,068] [log.py:230] [log:log_response] [WARNING]- Not Found: /resources/.env
[2024-11-15 16:57:06,060] [log.py:230] [log:log_response] [WARNING]- Not Found: /
[2024-11-15 17:01:03,552] [log.py:230] [log:log_response] [WARNING]- Not Found: /
[2024-11-15 17:52:18,077] [log.py:230] [log:log_response] [WARNING]- Not Found: /
[2024-11-15 18:25:18,948] [log.py:230] [log:log_response] [WARNING]- Not Found: /
[2024-11-15 18:26:23,568] [log.py:230] [log:log_response] [WARNING]- Not Found: /.env
[2024-11-15 18:26:25,223] [log.py:230] [log:log_response] [WARNING]- Not Found: /
[2024-11-15 19:01:49,330] [log.py:230] [log:log_response] [WARNING]- Not Found: /
[2024-11-15 19:03:24,731] [log.py:230] [log:log_response] [WARNING]- Not Found: /webui/
[2024-11-15 19:04:10,430] [log.py:230] [log:log_response] [WARNING]- Not Found: /
[2024-11-15 19:04:22,618] [log.py:230] [log:log_response] [WARNING]- Not Found: /favicon.ico
[2024-11-15 19:05:07,547] [log.py:230] [log:log_response] [WARNING]- Not Found: /geoserver/web/
[2024-11-15 19:10:15,467] [log.py:230] [log:log_response] [WARNING]- Not Found: /
[2024-11-15 19:11:07,212] [log.py:230] [log:log_response] [WARNING]- Not Found: /
[2024-11-15 19:19:23,503] [log.py:230] [log:log_response] [WARNING]- Not Found: /
[2024-11-15 19:23:43,899] [log.py:230] [log:log_response] [WARNING]- Not Found: /
[2024-11-15 20:12:46,537] [log.py:230] [log:log_response] [WARNING]- Not Found: /
[2024-11-15 21:03:35,844] [log.py:230] [log:log_response] [WARNING]- Not Found: /
[2024-11-15 21:21:11,138] [log.py:230] [log:log_response] [WARNING]- Not Found: /_profiler/phpinfo
[2024-11-15 21:44:21,121] [log.py:230] [log:log_response] [WARNING]- Not Found: /
[2024-11-15 22:16:16,258] [log.py:230] [log:log_response] [WARNING]- Not Found: /
[2024-11-15 22:28:35,747] [log.py:230] [log:log_response] [WARNING]- Not Found: /
[2024-11-15 23:58:43,634] [log.py:230] [log:log_response] [WARNING]- Not Found: /
[2024-11-16 00:23:15,492] [log.py:230] [log:log_response] [WARNING]- Not Found: /
[2024-11-16 00:50:37,897] [log.py:230] [log:log_response] [WARNING]- Not Found: /boaform/admin/formLogin
[2024-11-16 02:50:04,533] [log.py:230] [log:log_response] [WARNING]- Not Found: /.env
[2024-11-16 02:50:05,103] [log.py:230] [log:log_response] [WARNING]- Not Found: /cms/.env
[2024-11-16 02:50:05,673] [log.py:230] [log:log_response] [WARNING]- Not Found: /console/.env
[2024-11-16 02:50:06,271] [log.py:230] [log:log_response] [WARNING]- Not Found: /pos/.env
[2024-11-16 02:50:06,882] [log.py:230] [log:log_response] [WARNING]- Not Found: /stg/.env
[2024-11-16 02:50:07,494] [log.py:230] [log:log_response] [WARNING]- Not Found: /~admin/.env
[2024-11-16 02:50:08,111] [log.py:230] [log:log_response] [WARNING]- Not Found: /~dev/.env
[2024-11-16 02:50:08,694] [log.py:230] [log:log_response] [WARNING]- Not Found: /.git/.env
[2024-11-16 02:50:09,288] [log.py:230] [log:log_response] [WARNING]- Not Found: /.twilio.env
[2024-11-16 02:50:09,855] [log.py:230] [log:log_response] [WARNING]- Not Found: /ADMIN/.env
[2024-11-16 02:50:10,420] [log.py:230] [log:log_response] [WARNING]- Not Found: /ADMINISTRATOR/.env
[2024-11-16 02:50:10,978] [log.py:230] [log:log_response] [WARNING]- Not Found: /Admin/.env
[2024-11-16 02:50:11,531] [log.py:230] [log:log_response] [WARNING]- Not Found: /Administrator/.env
[2024-11-16 02:50:12,067] [log.py:230] [log:log_response] [WARNING]- Not Found: /Archipel/.env
[2024-11-16 02:50:12,601] [log.py:230] [log:log_response] [WARNING]- Not Found: /BACKUP/.env
[2024-11-16 02:50:13,187] [log.py:230] [log:log_response] [WARNING]- Not Found: /BU/.env
[2024-11-16 02:50:13,702] [log.py:230] [log:log_response] [WARNING]- Not Found: /CORE/.env
[2024-11-16 02:50:14,238] [log.py:230] [log:log_response] [WARNING]- Not Found: /Chai/.env
[2024-11-16 02:50:14,782] [log.py:230] [log:log_response] [WARNING]- Not Found: /Core/.env
[2024-11-16 02:50:15,337] [log.py:230] [log:log_response] [WARNING]- Not Found: /LARAVEL/.env
[2024-11-16 02:50:16,313] [log.py:230] [log:log_response] [WARNING]- Not Found: /Laravel/.env
[2024-11-16 02:50:16,836] [log.py:230] [log:log_response] [WARNING]- Not Found: /Library/.env
[2024-11-16 02:50:17,347] [log.py:230] [log:log_response] [WARNING]- Not Found: /Local/.env
[2024-11-16 02:50:17,893] [log.py:230] [log:log_response] [WARNING]- Not Found: /PORTAL/.env
[2024-11-16 02:50:18,458] [log.py:230] [log:log_response] [WARNING]- Not Found: /Passportjs/.env
[2024-11-16 02:50:19,027] [log.py:230] [log:log_response] [WARNING]- Not Found: /Platform/.env
[2024-11-16 02:50:19,567] [log.py:230] [log:log_response] [WARNING]- Not Found: /Prod/.env
[2024-11-16 02:50:20,160] [log.py:230] [log:log_response] [WARNING]- Not Found: /Production/.env
[2024-11-16 02:50:20,686] [log.py:230] [log:log_response] [WARNING]- Not Found: /Public/.env
[2024-11-16 02:50:21,297] [log.py:230] [log:log_response] [WARNING]- Not Found: /Site/.env
[2024-11-16 02:50:21,845] [log.py:230] [log:log_response] [WARNING]- Not Found: /Socketio/.env
[2024-11-16 02:50:22,384] [log.py:230] [log:log_response] [WARNING]- Not Found: /Stag/.env
[2024-11-16 02:50:22,939] [log.py:230] [log:log_response] [WARNING]- Not Found: /Staging/.env
[2024-11-16 02:50:23,498] [log.py:230] [log:log_response] [WARNING]- Not Found: /User_info/.env
[2024-11-16 02:50:24,087] [log.py:230] [log:log_response] [WARNING]- Not Found: /V1/.env
[2024-11-16 02:50:24,674] [log.py:230] [log:log_response] [WARNING]- Not Found: /V2/.env
[2024-11-16 02:50:25,280] [log.py:230] [log:log_response] [WARNING]- Not Found: /Web/.env
[2024-11-16 02:50:25,868] [log.py:230] [log:log_response] [WARNING]- Not Found: /_.env
[2024-11-16 02:50:26,461] [log.py:230] [log:log_response] [WARNING]- Not Found: /acme/.env
[2024-11-16 02:50:27,017] [log.py:230] [log:log_response] [WARNING]- Not Found: /acp/.env
[2024-11-16 02:58:55,865] [log.py:230] [log:log_response] [WARNING]- Not Found: /
[2024-11-16 03:06:26,077] [log.py:230] [log:log_response] [WARNING]- Not Found: /
[2024-11-16 03:20:33,504] [log.py:230] [log:log_response] [WARNING]- Not Found: /.env
[2024-11-16 03:25:56,839] [log.py:230] [log:log_response] [WARNING]- Not Found: /.git/config
[2024-11-16 04:27:18,354] [log.py:230] [log:log_response] [WARNING]- Not Found: /
[2024-11-16 04:40:22,318] [log.py:230] [log:log_response] [WARNING]- Not Found: /.env
[2024-11-16 04:40:22,923] [log.py:230] [log:log_response] [WARNING]- Not Found: /
[2024-11-16 04:40:23,769] [log.py:230] [log:log_response] [WARNING]- Not Found: /core/.env
[2024-11-16 04:40:24,006] [log.py:230] [log:log_response] [WARNING]- Not Found: /.env
[2024-11-16 04:40:24,552] [log.py:230] [log:log_response] [WARNING]- Not Found: /core/.env
[2024-11-16 04:40:24,717] [log.py:230] [log:log_response] [WARNING]- Not Found: /
[2024-11-16 04:40:25,412] [log.py:230] [log:log_response] [WARNING]- Not Found: /core/.env
[2024-11-16 04:40:25,552] [log.py:230] [log:log_response] [WARNING]- Not Found: /
[2024-11-16 04:40:26,408] [log.py:230] [log:log_response] [WARNING]- Not Found: /core/.env
[2024-11-16 04:40:26,479] [log.py:230] [log:log_response] [WARNING]- Not Found: /core/.env
[2024-11-16 04:40:27,265] [log.py:230] [log:log_response] [WARNING]- Not Found: /
[2024-11-16 04:40:27,982] [log.py:230] [log:log_response] [WARNING]- Not Found: /core/.env
[2024-11-16 04:48:46,917] [log.py:230] [log:log_response] [WARNING]- Not Found: /.git/config
[2024-11-16 04:54:44,468] [log.py:230] [log:log_response] [WARNING]- Not Found: /
[2024-11-16 04:55:29,783] [log.py:230] [log:log_response] [WARNING]- Not Found: /
[2024-11-16 05:02:43,567] [log.py:230] [log:log_response] [WARNING]- Not Found: /
[2024-11-16 06:57:48,673] [log.py:230] [log:log_response] [WARNING]- Not Found: /
[2024-11-16 07:01:17,737] [log.py:230] [log:log_response] [WARNING]- Not Found: /
[2024-11-16 07:03:17,452] [log.py:230] [log:log_response] [WARNING]- Not Found: /
[2024-11-16 07:06:46,384] [log.py:230] [log:log_response] [WARNING]- Not Found: /
[2024-11-16 07:07:40,967] [log.py:230] [log:log_response] [WARNING]- Not Found: /
[2024-11-16 07:13:59,081] [log.py:230] [log:log_response] [WARNING]- Not Found: /
[2024-11-16 08:04:03,123] [log.py:230] [log:log_response] [WARNING]- Not Found: /
[2024-11-16 09:07:30,605] [log.py:230] [log:log_response] [WARNING]- Not Found: /
[2024-11-16 09:42:06,293] [log.py:230] [log:log_response] [WARNING]- Not Found: /
[2024-11-16 09:45:16,355] [log.py:230] [log:log_response] [WARNING]- Not Found: /
[2024-11-16 09:45:16,410] [log.py:230] [log:log_response] [WARNING]- Not Found: /
[2024-11-16 09:49:41,505] [log.py:230] [log:log_response] [WARNING]- Not Found: /Cv9j
[2024-11-16 09:49:41,890] [log.py:230] [log:log_response] [WARNING]- Not Found: /KlVP
[2024-11-16 09:49:42,275] [log.py:230] [log:log_response] [WARNING]- Not Found: /aab8
[2024-11-16 09:49:42,922] [log.py:230] [log:log_response] [WARNING]- Not Found: /jquery-3.3.1.slim.min.js
[2024-11-16 09:49:43,320] [log.py:230] [log:log_response] [WARNING]- Not Found: /aab9
[2024-11-16 09:49:45,311] [log.py:230] [log:log_response] [WARNING]- Not Found: /jquery-3.3.2.slim.min.js
[2024-11-16 09:54:55,935] [log.py:230] [log:log_response] [WARNING]- Not Found: /
[2024-11-16 10:08:32,696] [log.py:230] [log:log_response] [WARNING]- Not Found: /
[2024-11-16 10:19:52,966] [log.py:230] [log:log_response] [WARNING]- Not Found: /
[2024-11-16 10:40:39,113] [log.py:230] [log:log_response] [WARNING]- Not Found: /
[2024-11-16 10:41:39,264] [log.py:230] [log:log_response] [WARNING]- Not Found: /
[2024-11-16 10:42:37,249] [log.py:230] [log:log_response] [WARNING]- Not Found: /
[2024-11-16 10:44:37,504] [log.py:230] [log:log_response] [WARNING]- Not Found: /
[2024-11-16 11:06:47,556] [log.py:230] [log:log_response] [WARNING]- Not Found: /
[2024-11-16 11:15:14,040] [log.py:230] [log:log_response] [WARNING]- Not Found: /
[2024-11-16 11:21:50,739] [log.py:230] [log:log_response] [WARNING]- Not Found: /.env
[2024-11-16 11:21:51,271] [log.py:230] [log:log_response] [WARNING]- Not Found: /
[2024-11-16 11:25:37,887] [log.py:230] [log:log_response] [WARNING]- Not Found: /
[2024-11-16 11:43:07,059] [log.py:230] [log:log_response] [WARNING]- Not Found: /
[2024-11-16 12:11:39,920] [log.py:230] [log:log_response] [WARNING]- Not Found: /
[2024-11-16 12:17:04,626] [log.py:230] [log:log_response] [WARNING]- Not Found: /
[2024-11-16 12:17:05,195] [log.py:230] [log:log_response] [WARNING]- Not Found: /favicon.ico
[2024-11-16 13:13:42,737] [log.py:230] [log:log_response] [WARNING]- Not Found: /
[2024-11-16 13:32:28,304] [log.py:230] [log:log_response] [WARNING]- Not Found: /
[2024-11-16 14:17:34,273] [log.py:230] [log:log_response] [WARNING]- Not Found: /
[2024-11-16 14:17:36,552] [log.py:230] [log:log_response] [WARNING]- Not Found: /
[2024-11-16 14:41:22,793] [log.py:230] [log:log_response] [WARNING]- Not Found: /
[2024-11-16 14:42:38,102] [log.py:230] [log:log_response] [WARNING]- Not Found: /
[2024-11-16 14:42:38,592] [log.py:230] [log:log_response] [WARNING]- Not Found: /form.html
[2024-11-16 14:42:39,100] [log.py:230] [log:log_response] [WARNING]- Not Found: /upl.php
[2024-11-16 14:42:39,621] [log.py:230] [log:log_response] [WARNING]- Not Found: /t4
[2024-11-16 14:42:40,148] [log.py:230] [log:log_response] [WARNING]- Not Found: /geoip/
[2024-11-16 14:42:40,657] [log.py:230] [log:log_response] [WARNING]- Not Found: /favicon.ico
[2024-11-16 14:42:41,171] [log.py:230] [log:log_response] [WARNING]- Not Found: /1.php
[2024-11-16 14:42:41,697] [log.py:230] [log:log_response] [WARNING]- Not Found: /systembc/password.php
[2024-11-16 14:42:42,204] [log.py:230] [log:log_response] [WARNING]- Not Found: /password.php
[2024-11-16 15:17:11,163] [log.py:230] [log:log_response] [WARNING]- Not Found: /
[2024-11-16 15:17:11,166] [log.py:230] [log:log_response] [WARNING]- Not Found: /
[2024-11-16 15:31:05,077] [log.py:230] [log:log_response] [WARNING]- Not Found: /
[2024-11-16 15:33:23,939] [log.py:230] [log:log_response] [WARNING]- Not Found: /
[2024-11-16 15:36:59,542] [log.py:230] [log:log_response] [WARNING]- Not Found: /
[2024-11-16 15:37:05,230] [log.py:230] [log:log_response] [WARNING]- Not Found: /
[2024-11-16 15:46:52,848] [log.py:230] [log:log_response] [WARNING]- Not Found: /
[2024-11-16 16:33:50,120] [log.py:230] [log:log_response] [WARNING]- Not Found: /
[2024-11-16 16:53:01,229] [log.py:230] [log:log_response] [WARNING]- Not Found: /
[2024-11-16 17:34:12,137] [log.py:230] [log:log_response] [WARNING]- Not Found: /robots.txt
[2024-11-16 17:34:15,488] [log.py:230] [log:log_response] [WARNING]- Not Found: /sitemap.txt
[2024-11-16 18:27:10,660] [log.py:230] [log:log_response] [WARNING]- Not Found: /sitemap.txt
[2024-11-16 18:59:51,875] [log.py:230] [log:log_response] [WARNING]- Not Found: /
[2024-11-16 19:20:44,807] [log.py:230] [log:log_response] [WARNING]- Not Found: /
[2024-11-16 19:21:51,139] [log.py:230] [log:log_response] [WARNING]- Not Found: /
[2024-11-16 20:16:11,849] [log.py:230] [log:log_response] [WARNING]- Not Found: /
[2024-11-16 20:40:25,306] [log.py:230] [log:log_response] [WARNING]- Not Found: /_profiler/phpinfo
[2024-11-16 20:41:34,383] [log.py:230] [log:log_response] [WARNING]- Not Found: /
[2024-11-16 21:03:34,875] [log.py:230] [log:log_response] [WARNING]- Not Found: /
[2024-11-16 21:13:31,510] [log.py:230] [log:log_response] [WARNING]- Not Found: /
[2024-11-16 21:45:34,978] [log.py:230] [log:log_response] [WARNING]- Not Found: /
[2024-11-16 21:47:44,112] [log.py:230] [log:log_response] [WARNING]- Not Found: /webui/
[2024-11-16 21:48:45,627] [log.py:230] [log:log_response] [WARNING]- Not Found: /favicon.ico
[2024-11-16 21:49:40,337] [log.py:230] [log:log_response] [WARNING]- Not Found: /geoserver/web/
[2024-11-16 22:21:22,001] [log.py:230] [log:log_response] [WARNING]- Not Found: /
[2024-11-16 22:51:14,974] [log.py:230] [log:log_response] [WARNING]- Not Found: /
[2024-11-16 23:20:48,709] [log.py:230] [log:log_response] [WARNING]- Not Found: /
[2024-11-16 23:40:46,427] [log.py:230] [log:log_response] [WARNING]- Not Found: /
[2024-11-16 23:40:46,764] [log.py:230] [log:log_response] [WARNING]- Not Found: /favicon.ico
[2024-11-16 23:48:40,706] [log.py:230] [log:log_response] [WARNING]- Not Found: /
[2024-11-17 00:51:45,079] [log.py:230] [log:log_response] [WARNING]- Not Found: /
[2024-11-17 01:26:17,263] [log.py:230] [log:log_response] [WARNING]- Not Found: /
[2024-11-17 01:26:17,700] [log.py:230] [log:log_response] [WARNING]- Not Found: /robots.txt
[2024-11-17 01:26:18,726] [log.py:230] [log:log_response] [WARNING]- Not Found: /sitemap.xml
[2024-11-17 01:26:19,134] [log.py:230] [log:log_response] [WARNING]- Not Found: /.well-known/security.txt
[2024-11-17 01:26:19,886] [log.py:230] [log:log_response] [WARNING]- Not Found: /favicon.ico
[2024-11-17 01:29:03,298] [log.py:230] [log:log_response] [WARNING]- Not Found: /
[2024-11-17 01:41:20,020] [log.py:230] [log:log_response] [WARNING]- Not Found: /
[2024-11-17 01:42:11,723] [log.py:230] [log:log_response] [WARNING]- Not Found: /
[2024-11-17 01:42:11,826] [log.py:230] [log:log_response] [WARNING]- Not Found: /nmaplowercheck1731778931
[2024-11-17 01:42:11,827] [log.py:230] [log:log_response] [WARNING]- Not Found: /webui
[2024-11-17 01:42:11,832] [log.py:230] [log:log_response] [WARNING]- Not Found: /indice.asp
[2024-11-17 01:42:11,975] [log.py:230] [log:log_response] [WARNING]- Not Found: /start.asp
[2024-11-17 01:42:12,080] [log.py:230] [log:log_response] [WARNING]- Not Found: /pools/default/buckets
[2024-11-17 01:42:12,134] [log.py:230] [log:log_response] [WARNING]- Not Found: /index.cfm
[2024-11-17 01:42:12,237] [log.py:230] [log:log_response] [WARNING]- Not Found: /pools
[2024-11-17 01:42:12,285] [log.py:230] [log:log_response] [WARNING]- Not Found: /start.cfm
[2024-11-17 01:42:12,290] [log.py:230] [log:log_response] [WARNING]- Not Found: /CWiY
[2024-11-17 01:42:12,437] [log.py:230] [log:log_response] [WARNING]- Not Found: /.git/HEAD
[2024-11-17 01:42:12,444] [log.py:230] [log:log_response] [WARNING]- Not Found: /menu.jsp
[2024-11-17 01:42:12,592] [log.py:230] [log:log_response] [WARNING]- Not Found: /inicio.shtml
[2024-11-17 01:42:12,745] [log.py:230] [log:log_response] [WARNING]- Not Found: /index.jsa
[2024-11-17 01:42:13,708] [log.py:230] [log:log_response] [WARNING]- Not Found: /Portal/Portal.mwsl
[2024-11-17 01:42:13,713] [log.py:230] [log:log_response] [WARNING]- Not Found: /CSS/Miniweb.css
[2024-11-17 01:42:13,716] [log.py:230] [log:log_response] [WARNING]- Not Found: /
[2024-11-17 01:42:13,719] [log.py:230] [log:log_response] [WARNING]- Not Found: /Portal0000.htm
[2024-11-17 01:42:13,795] [log.py:230] [log:log_response] [WARNING]- Not Found: /docs/cplugError.html/
[2024-11-17 01:42:13,839] [log.py:230] [log:log_response] [WARNING]- Not Found: /base.php
[2024-11-17 01:42:13,848] [log.py:230] [log:log_response] [WARNING]- Not Found: /__Additional
[2024-11-17 01:42:13,946] [log.py:230] [log:log_response] [WARNING]- Not Found: /robots.txt
[2024-11-17 01:42:15,057] [log.py:230] [log:log_response] [WARNING]- Not Found: /start.cgi
[2024-11-17 01:42:15,157] [log.py:230] [log:log_response] [WARNING]- Not Found: /start.aspx
[2024-11-17 01:42:16,231] [log.py:230] [log:log_response] [WARNING]- Not Found: /main.aspx
[2024-11-17 01:42:16,314] [log.py:230] [log:log_response] [WARNING]- Not Found: /indice.html
[2024-11-17 01:42:16,464] [log.py:230] [log:log_response] [WARNING]- Not Found: /readme.txt
[2024-11-17 01:42:16,615] [log.py:230] [log:log_response] [WARNING]- Not Found: /inicio.php
[2024-11-17 01:42:16,991] [log.py:230] [log:log_response] [WARNING]- Not Found: /admin.shtml
[2024-11-17 01:42:17,344] [log.py:230] [log:log_response] [WARNING]- Not Found: /inicio.jsp
[2024-11-17 01:42:19,120] [log.py:230] [log:log_response] [WARNING]- Not Found: /
[2024-11-17 01:42:19,320] [log.py:230] [log:log_response] [WARNING]- Not Found: /
[2024-11-17 01:42:20,020] [log.py:230] [log:log_response] [WARNING]- Not Found: /
[2024-11-17 01:42:20,664] [log.py:230] [log:log_response] [WARNING]- Not Found: /favicon.ico
[2024-11-17 01:42:20,715] [log.py:230] [log:log_response] [WARNING]- Not Found: /
[2024-11-17 01:42:20,918] [log.py:230] [log:log_response] [WARNING]- Not Found: /
[2024-11-17 01:42:22,171] [log.py:230] [log:log_response] [WARNING]- Not Found: /
[2024-11-17 01:42:22,319] [log.py:230] [log:log_response] [WARNING]- Not Found: /
[2024-11-17 02:00:39,191] [log.py:230] [log:log_response] [WARNING]- Not Found: /
[2024-11-17 02:00:42,988] [log.py:230] [log:log_response] [WARNING]- Not Found: /
[2024-11-17 02:05:13,150] [log.py:230] [log:log_response] [WARNING]- Not Found: /
[2024-11-17 02:07:51,166] [log.py:230] [log:log_response] [WARNING]- Not Found: /
[2024-11-17 02:07:51,664] [log.py:230] [log:log_response] [WARNING]- Not Found: /form.html
[2024-11-17 02:07:52,165] [log.py:230] [log:log_response] [WARNING]- Not Found: /upl.php
[2024-11-17 02:07:52,657] [log.py:230] [log:log_response] [WARNING]- Not Found: /t4
[2024-11-17 02:07:53,113] [log.py:230] [log:log_response] [WARNING]- Not Found: /geoip/
[2024-11-17 02:07:53,604] [log.py:230] [log:log_response] [WARNING]- Not Found: /favicon.ico
[2024-11-17 02:07:54,079] [log.py:230] [log:log_response] [WARNING]- Not Found: /1.php
[2024-11-17 02:07:54,568] [log.py:230] [log:log_response] [WARNING]- Not Found: /systembc/password.php
[2024-11-17 02:07:55,049] [log.py:230] [log:log_response] [WARNING]- Not Found: /password.php
[2024-11-17 02:11:15,777] [log.py:230] [log:log_response] [WARNING]- Not Found: /
[2024-11-17 02:15:51,818] [log.py:230] [log:log_response] [WARNING]- Not Found: /
[2024-11-17 02:34:41,570] [log.py:230] [log:log_response] [WARNING]- Not Found: /
[2024-11-17 02:39:33,548] [log.py:230] [log:log_response] [WARNING]- Not Found: /manager/text/list
[2024-11-17 02:39:36,253] [log.py:230] [log:log_response] [WARNING]- Not Found: /f2Yk
[2024-11-17 02:39:36,475] [log.py:230] [log:log_response] [WARNING]- Not Found: /jquery-3.3.1.min.js
[2024-11-17 02:45:36,322] [log.py:230] [log:log_response] [WARNING]- Not Found: /.env
[2024-11-17 02:45:36,804] [log.py:230] [log:log_response] [WARNING]- Not Found: /
[2024-11-17 02:52:17,945] [log.py:230] [log:log_response] [WARNING]- Not Found: /
[2024-11-17 03:08:02,765] [log.py:230] [log:log_response] [WARNING]- Not Found: /.git/config
[2024-11-17 03:14:26,735] [log.py:230] [log:log_response] [WARNING]- Not Found: /
[2024-11-17 03:14:27,192] [log.py:230] [log:log_response] [WARNING]- Not Found: /favicon.ico
[2024-11-17 03:57:01,016] [log.py:230] [log:log_response] [WARNING]- Not Found: /druid/index.html
[2024-11-17 03:59:07,267] [log.py:230] [log:log_response] [WARNING]- Not Found: /
[2024-11-17 03:59:10,747] [log.py:230] [log:log_response] [WARNING]- Not Found: /
[2024-11-17 03:59:14,900] [log.py:230] [log:log_response] [WARNING]- Not Found: /
[2024-11-17 03:59:19,455] [log.py:230] [log:log_response] [WARNING]- Not Found: /favicon.ico
[2024-11-17 03:59:23,229] [log.py:230] [log:log_response] [WARNING]- Not Found: /favicon.ico
[2024-11-17 04:10:49,185] [log.py:230] [log:log_response] [WARNING]- Not Found: /
[2024-11-17 04:19:54,746] [log.py:230] [log:log_response] [WARNING]- Not Found: /
[2024-11-17 04:21:03,070] [log.py:230] [log:log_response] [WARNING]- Not Found: /
[2024-11-17 04:34:32,643] [log.py:230] [log:log_response] [WARNING]- Not Found: /.env
[2024-11-17 04:34:33,047] [log.py:230] [log:log_response] [WARNING]- Not Found: /
[2024-11-17 04:35:38,242] [log.py:230] [log:log_response] [WARNING]- Not Found: /.env
[2024-11-17 04:35:38,662] [log.py:230] [log:log_response] [WARNING]- Not Found: /
[2024-11-17 04:52:45,407] [log.py:230] [log:log_response] [WARNING]- Not Found: /
[2024-11-17 04:52:45,442] [log.py:230] [log:log_response] [WARNING]- Not Found: /explicit_not_exist_path
[2024-11-17 04:52:45,564] [log.py:230] [log:log_response] [WARNING]- Not Found: /admin/
[2024-11-17 04:52:45,651] [log.py:230] [log:log_response] [WARNING]- Not Found: /robots.txt
[2024-11-17 04:52:45,683] [log.py:230] [log:log_response] [WARNING]- Not Found: /favicon.ico
[2024-11-17 04:52:45,802] [log.py:230] [log:log_response] [WARNING]- Not Found: /images/ofbiz.ico
[2024-11-17 04:52:46,103] [log.py:230] [log:log_response] [WARNING]- Not Found: /phpMyAdmin/
[2024-11-17 04:52:46,148] [log.py:230] [log:log_response] [WARNING]- Not Found: /phpmyadmin/
[2024-11-17 04:52:46,193] [log.py:230] [log:log_response] [WARNING]- Not Found: /wcm/
[2024-11-17 05:14:53,529] [log.py:230] [log:log_response] [WARNING]- Not Found: /
[2024-11-17 05:38:14,331] [log.py:230] [log:log_response] [WARNING]- Not Found: /
[2024-11-17 05:39:26,482] [log.py:230] [log:log_response] [WARNING]- Not Found: /
[2024-11-17 06:00:37,233] [log.py:230] [log:log_response] [WARNING]- Not Found: /
[2024-11-17 06:27:37,345] [log.py:230] [log:log_response] [WARNING]- Not Found: /
[2024-11-17 06:34:04,985] [log.py:230] [log:log_response] [WARNING]- Not Found: /actuator/health
[2024-11-17 06:48:52,639] [log.py:230] [log:log_response] [WARNING]- Not Found: /
[2024-11-17 07:26:29,544] [log.py:230] [log:log_response] [WARNING]- Not Found: /
[2024-11-17 07:26:29,640] [log.py:230] [log:log_response] [WARNING]- Not Found: /favicon.ico
[2024-11-17 08:10:43,656] [log.py:230] [log:log_response] [WARNING]- Not Found: /
[2024-11-17 08:10:45,595] [log.py:230] [log:log_response] [WARNING]- Not Found: /
[2024-11-17 08:14:54,414] [log.py:230] [log:log_response] [WARNING]- Not Found: /
[2024-11-17 08:32:37,732] [log.py:230] [log:log_response] [WARNING]- Not Found: /
[2024-11-17 08:38:46,417] [log.py:230] [log:log_response] [WARNING]- Not Found: /
[2024-11-17 08:58:15,576] [log.py:230] [log:log_response] [WARNING]- Not Found: /
[2024-11-17 09:20:38,032] [log.py:230] [log:log_response] [WARNING]- Not Found: /
[2024-11-17 09:37:00,769] [log.py:230] [log:log_response] [WARNING]- Not Found: /.env
[2024-11-17 09:50:09,337] [log.py:230] [log:log_response] [WARNING]- Not Found: /
